<?xml version="1.0" encoding="UTF-8"?>
<testng-results skipped="0" failed="0" total="7" passed="7">
  <reporter-output>
  </reporter-output>
  <suite name="Suite" duration-ms="210861" started-at="2020-08-20T05:07:45Z" finished-at="2020-08-20T05:11:16Z">
    <groups>
      <group name="cucumber">
        <method signature="AbstractTestNGCucumberTests.feature(cucumber.api.testng.CucumberFeatureWrapper)[pri:0, instance:bdd.runners.RunnerClass@737996a0]" name="feature" class="cucumber.api.testng.AbstractTestNGCucumberTests"/>
      </group> <!-- cucumber -->
    </groups>
    <test name="Test" duration-ms="210861" started-at="2020-08-20T05:07:45Z" finished-at="2020-08-20T05:11:16Z">
      <class name="bdd.runners.RunnerClass">
        <test-method status="PASS" signature="setUpClass()[pri:0, instance:bdd.runners.RunnerClass@737996a0]" name="setUpClass" is-config="true" duration-ms="253" started-at="2020-08-20T01:07:45Z" finished-at="2020-08-20T01:07:45Z">
          <reporter-output>
          </reporter-output>
        </test-method> <!-- setUpClass -->
        <test-method status="PASS" signature="feature(cucumber.api.testng.CucumberFeatureWrapper)[pri:0, instance:bdd.runners.RunnerClass@737996a0]" name="feature" duration-ms="16061" started-at="2020-08-20T01:07:46Z" description="Runs Cucumber Feature" data-provider="features" finished-at="2020-08-20T01:08:02Z">
          <params>
            <param index="0">
              <value>
                <![CDATA[User ability to booking a ticket]]>
              </value>
            </param>
          </params>
          <reporter-output>
          </reporter-output>
        </test-method> <!-- feature -->
        <test-method status="PASS" signature="feature(cucumber.api.testng.CucumberFeatureWrapper)[pri:0, instance:bdd.runners.RunnerClass@737996a0]" name="feature" duration-ms="11586" started-at="2020-08-20T01:08:02Z" description="Runs Cucumber Feature" data-provider="features" finished-at="2020-08-20T01:08:13Z">
          <params>
            <param index="0">
              <value>
                <![CDATA[Users ability to Carry on bags]]>
              </value>
            </param>
          </params>
          <reporter-output>
          </reporter-output>
        </test-method> <!-- feature -->
        <test-method status="PASS" signature="feature(cucumber.api.testng.CucumberFeatureWrapper)[pri:0, instance:bdd.runners.RunnerClass@737996a0]" name="feature" duration-ms="27195" started-at="2020-08-20T01:08:13Z" description="Runs Cucumber Feature" data-provider="features" finished-at="2020-08-20T01:08:40Z">
          <params>
            <param index="0">
              <value>
                <![CDATA[Users ability to reserve a car]]>
              </value>
            </param>
          </params>
          <reporter-output>
          </reporter-output>
        </test-method> <!-- feature -->
        <test-method status="PASS" signature="feature(cucumber.api.testng.CucumberFeatureWrapper)[pri:0, instance:bdd.runners.RunnerClass@737996a0]" name="feature" duration-ms="51845" started-at="2020-08-20T01:08:40Z" description="Runs Cucumber Feature" data-provider="features" finished-at="2020-08-20T01:09:32Z">
          <params>
            <param index="0">
              <value>
                <![CDATA[Cruises]]>
              </value>
            </param>
          </params>
          <reporter-output>
          </reporter-output>
        </test-method> <!-- feature -->
        <test-method status="PASS" signature="feature(cucumber.api.testng.CucumberFeatureWrapper)[pri:0, instance:bdd.runners.RunnerClass@737996a0]" name="feature" duration-ms="18108" started-at="2020-08-20T01:09:32Z" description="Runs Cucumber Feature" data-provider="features" finished-at="2020-08-20T01:09:50Z">
          <params>
            <param index="0">
              <value>
                <![CDATA[Users ability to choose hotel]]>
              </value>
            </param>
          </params>
          <reporter-output>
          </reporter-output>
        </test-method> <!-- feature -->
        <test-method status="PASS" signature="feature(cucumber.api.testng.CucumberFeatureWrapper)[pri:0, instance:bdd.runners.RunnerClass@737996a0]" name="feature" duration-ms="15847" started-at="2020-08-20T01:09:50Z" description="Runs Cucumber Feature" data-provider="features" finished-at="2020-08-20T01:10:06Z">
          <params>
            <param index="0">
              <value>
                <![CDATA[login]]>
              </value>
            </param>
          </params>
          <reporter-output>
          </reporter-output>
        </test-method> <!-- feature -->
        <test-method status="PASS" signature="feature(cucumber.api.testng.CucumberFeatureWrapper)[pri:0, instance:bdd.runners.RunnerClass@737996a0]" name="feature" duration-ms="69435" started-at="2020-08-20T01:10:06Z" description="Runs Cucumber Feature" data-provider="features" finished-at="2020-08-20T01:11:16Z">
          <params>
            <param index="0">
              <value>
                <![CDATA[vacation]]>
              </value>
            </param>
          </params>
          <reporter-output>
          </reporter-output>
        </test-method> <!-- feature -->
        <test-method status="PASS" signature="writeExtentReport()[pri:0, instance:bdd.runners.RunnerClass@737996a0]" name="writeExtentReport" is-config="true" duration-ms="35" started-at="2020-08-20T01:11:16Z" finished-at="2020-08-20T01:11:16Z">
          <reporter-output>
          </reporter-output>
        </test-method> <!-- writeExtentReport -->
        <test-method status="PASS" signature="tearDownClass()[pri:0, instance:bdd.runners.RunnerClass@737996a0]" name="tearDownClass" is-config="true" duration-ms="385" started-at="2020-08-20T01:11:16Z" finished-at="2020-08-20T01:11:16Z">
          <reporter-output>
          </reporter-output>
        </test-method> <!-- tearDownClass -->
      </class> <!-- bdd.runners.RunnerClass -->
    </test> <!-- Test -->
  </suite> <!-- Suite -->
</testng-results>
