<?xml version="1.0" encoding="UTF-8"?>
<testsuite xmlns:xsi="http://www.w3.org/2001/XMLSchema-instance" xsi:noNamespaceSchemaLocation="https://maven.apache.org/surefire/maven-surefire-plugin/xsd/surefire-test-report.xsd" name="TestSuite" time="106.496" tests="4" errors="0" skipped="0" failures="1">
  <properties>
[...]
</properties>
  <testcase name="feature" classname="bdd.runners.RunnerClass" time="13.098"/>
  <testcase name="feature" classname="bdd.runners.RunnerClass" time="17.71"/>
  <testcase name="feature" classname="bdd.runners.RunnerClass" time="16.053"/>
  <testcase name="feature" classname="bdd.runners.RunnerClass" time="58.29">
    <failure message="org.openqa.selenium.NoSuchElementException: no such element: Unable to locate element: {&quot;method&quot;:&quot;xpath&quot;,&quot;selector&quot;:&quot;//h3[contains(text(),&apos;Golden Nugget Las Vegas Hotel and Casino&apos;)]&quot;}&#10;  (Session info: chrome=84.0.4147.125)&#10;For documentation on this error, please visit: http://seleniumhq.org/exceptions/no_such_element.html&#10;Build info: version: &apos;3.12.0&apos;, revision: &apos;7c6e0b3&apos;, time: &apos;2018-05-08T14:04:26.12Z&apos;&#10;System info: host: &apos;DESKTOP-GKDU2M4&apos;, ip: &apos;192.168.1.4&apos;, os.name: &apos;Windows 10&apos;, os.arch: &apos;amd64&apos;, os.version: &apos;10.0&apos;, java.version: &apos;1.8.0_251&apos;&#10;Driver info: org.openqa.selenium.chrome.ChromeDriver&#10;Capabilities {acceptInsecureCerts: false, browserName: chrome, browserVersion: 84.0.4147.125, chrome: {chromedriverVersion: 84.0.4147.30 (48b3e868b4cc0..., userDataDir: C:\Users\19292\AppData\Loca...}, goog:chromeOptions: {debuggerAddress: localhost:58347}, javascriptEnabled: true, networkConnectionEnabled: false, pageLoadStrategy: normal, platform: WINDOWS, platformName: WINDOWS, proxy: Proxy(), setWindowRect: true, strictFileInteractability: false, timeouts: {implicit: 0, pageLoad: 300000, script: 30000}, unhandledPromptBehavior: dismiss and notify, webauthn:virtualAuthenticators: true}&#10;Session ID: ab4a5136af2dfeb7fa2f92489139bd4f&#10;*** Element info: {Using=xpath, value=//h3[contains(text(),&apos;Golden Nugget Las Vegas Hotel and Casino&apos;)]}" type="cucumber.runtime.CucumberException">cucumber.runtime.CucumberException: 
org.openqa.selenium.NoSuchElementException: no such element: Unable to locate element: {"method":"xpath","selector":"//h3[contains(text(),'Golden Nugget Las Vegas Hotel and Casino')]"}
  (Session info: chrome=84.0.4147.125)
For documentation on this error, please visit: http://seleniumhq.org/exceptions/no_such_element.html
Build info: version: '3.12.0', revision: '7c6e0b3', time: '2018-05-08T14:04:26.12Z'
System info: host: 'DESKTOP-GKDU2M4', ip: '192.168.1.4', os.name: 'Windows 10', os.arch: 'amd64', os.version: '10.0', java.version: '1.8.0_251'
Driver info: org.openqa.selenium.chrome.ChromeDriver
Capabilities {acceptInsecureCerts: false, browserName: chrome, browserVersion: 84.0.4147.125, chrome: {chromedriverVersion: 84.0.4147.30 (48b3e868b4cc0..., userDataDir: C:\Users\19292\AppData\Loca...}, goog:chromeOptions: {debuggerAddress: localhost:58347}, javascriptEnabled: true, networkConnectionEnabled: false, pageLoadStrategy: normal, platform: WINDOWS, platformName: WINDOWS, proxy: Proxy(), setWindowRect: true, strictFileInteractability: false, timeouts: {implicit: 0, pageLoad: 300000, script: 30000}, unhandledPromptBehavior: dismiss and notify, webauthn:virtualAuthenticators: true}
Session ID: ab4a5136af2dfeb7fa2f92489139bd4f
*** Element info: {Using=xpath, value=//h3[contains(text(),'Golden Nugget Las Vegas Hotel and Casino')]}
Caused by: org.openqa.selenium.NoSuchElementException: 
no such element: Unable to locate element: {"method":"xpath","selector":"//h3[contains(text(),'Golden Nugget Las Vegas Hotel and Casino')]"}
  (Session info: chrome=84.0.4147.125)
For documentation on this error, please visit: http://seleniumhq.org/exceptions/no_such_element.html
Build info: version: '3.12.0', revision: '7c6e0b3', time: '2018-05-08T14:04:26.12Z'
System info: host: 'DESKTOP-GKDU2M4', ip: '192.168.1.4', os.name: 'Windows 10', os.arch: 'amd64', os.version: '10.0', java.version: '1.8.0_251'
Driver info: org.openqa.selenium.chrome.ChromeDriver
Capabilities {acceptInsecureCerts: false, browserName: chrome, browserVersion: 84.0.4147.125, chrome: {chromedriverVersion: 84.0.4147.30 (48b3e868b4cc0..., userDataDir: C:\Users\19292\AppData\Loca...}, goog:chromeOptions: {debuggerAddress: localhost:58347}, javascriptEnabled: true, networkConnectionEnabled: false, pageLoadStrategy: normal, platform: WINDOWS, platformName: WINDOWS, proxy: Proxy(), setWindowRect: true, strictFileInteractability: false, timeouts: {implicit: 0, pageLoad: 300000, script: 30000}, unhandledPromptBehavior: dismiss and notify, webauthn:virtualAuthenticators: true}
Session ID: ab4a5136af2dfeb7fa2f92489139bd4f
*** Element info: {Using=xpath, value=//h3[contains(text(),'Golden Nugget Las Vegas Hotel and Casino')]}
</failure>
    <system-out><![CDATA[@americanairlines @regression
Feature: vacation
>> Initializing Chrome Driver
Users  should able to select vaction package
----------

  Scenario: Users  should able to select vaction package # vacation.feature:4
    Given Browse to AmericanAirlines homepage            # HotelsStepDef.browse_to_AmericanAirlines_homepage()
    When Navigate to Plan Travel                         # AmericanAirlinesSteps.navigate_to_Plan_Travel()
    And Navigate to Vacations                            # AmericanAirlinesSteps.navigate_to_Vacations()
    And Fill form with some basic information            # AmericanAirlinesSteps.fill_form_with_some_basic_information()
    And Select desired package                           # AmericanAirlinesSteps.select_desired_package()
      org.openqa.selenium.NoSuchElementException: no such element: Unable to locate element: {"method":"xpath","selector":"//h3[contains(text(),'Golden Nugget Las Vegas Hotel and Casino')]"}
        (Session info: chrome=84.0.4147.125)
      For documentation on this error, please visit: http://seleniumhq.org/exceptions/no_such_element.html
      Build info: version: '3.12.0', revision: '7c6e0b3', time: '2018-05-08T14:04:26.12Z'
      System info: host: 'DESKTOP-GKDU2M4', ip: '192.168.1.4', os.name: 'Windows 10', os.arch: 'amd64', os.version: '10.0', java.version: '1.8.0_251'
      Driver info: org.openqa.selenium.chrome.ChromeDriver
      Capabilities {acceptInsecureCerts: false, browserName: chrome, browserVersion: 84.0.4147.125, chrome: {chromedriverVersion: 84.0.4147.30 (48b3e868b4cc0..., userDataDir: C:\Users\19292\AppData\Loca...}, goog:chromeOptions: {debuggerAddress: localhost:58347}, javascriptEnabled: true, networkConnectionEnabled: false, pageLoadStrategy: normal, platform: WINDOWS, platformName: WINDOWS, proxy: Proxy(), setWindowRect: true, strictFileInteractability: false, timeouts: {implicit: 0, pageLoad: 300000, script: 30000}, unhandledPromptBehavior: dismiss and notify, webauthn:virtualAuthenticators: true}
      Session ID: ab4a5136af2dfeb7fa2f92489139bd4f
      *** Element info: {Using=xpath, value=//h3[contains(text(),'Golden Nugget Las Vegas Hotel and Casino')]}
      	at sun.reflect.NativeConstructorAccessorImpl.newInstance0(Native Method)
      	at sun.reflect.NativeConstructorAccessorImpl.newInstance(NativeConstructorAccessorImpl.java:62)
      	at sun.reflect.DelegatingConstructorAccessorImpl.newInstance(DelegatingConstructorAccessorImpl.java:45)
      	at java.lang.reflect.Constructor.newInstance(Constructor.java:423)
      	at org.openqa.selenium.remote.http.W3CHttpResponseCodec.createException(W3CHttpResponseCodec.java:187)
      	at org.openqa.selenium.remote.http.W3CHttpResponseCodec.decode(W3CHttpResponseCodec.java:122)
      	at org.openqa.selenium.remote.http.W3CHttpResponseCodec.decode(W3CHttpResponseCodec.java:49)
      	at org.openqa.selenium.remote.HttpCommandExecutor.execute(HttpCommandExecutor.java:158)
      	at org.openqa.selenium.remote.service.DriverCommandExecutor.execute(DriverCommandExecutor.java:83)
      	at org.openqa.selenium.remote.RemoteWebDriver.execute(RemoteWebDriver.java:543)
      	at org.openqa.selenium.remote.RemoteWebDriver.findElement(RemoteWebDriver.java:317)
      	at org.openqa.selenium.remote.RemoteWebDriver.findElementByXPath(RemoteWebDriver.java:419)
      	at org.openqa.selenium.By$ByXPath.findElement(By.java:353)
      	at org.openqa.selenium.remote.RemoteWebDriver.findElement(RemoteWebDriver.java:309)
      	at bdd.AmericanAirlines.PageAction.AmericanAirlinesVacationpackagePageAction.SelectPackage(AmericanAirlinesVacationpackagePageAction.java:86)
      	at bdd.stepDef.AmericanAirlinesSteps.select_desired_package(AmericanAirlinesSteps.java:52)
      	at ?.And Select desired package(vacation.feature:13)

    And Select a room                                    # AmericanAirlinesSteps.select_a_room()
    And Click continue                                   # AmericanAirlinesSteps.click_continue()
    Then Log in Message pops up                          # AmericanAirlinesSteps.log_in_Message_pops_up()
]]></system-out>
    <system-err><![CDATA[Starting ChromeDriver 84.0.4147.30 (48b3e868b4cc0aa7e8149519690b6f6949e110a8-refs/branch-heads/4147@{#310}) on port 38921
Only local connections are allowed.
Please see https://chromedriver.chromium.org/security-considerations for suggestions on keeping ChromeDriver safe.
ChromeDriver was started successfully.
Aug 19, 2020 3:48:26 PM org.openqa.selenium.remote.ProtocolHandshake createSession
INFO: Detected dialect: W3C
]]></system-err>
  </testcase>
</testsuite>