<?xml version="1.0" encoding="UTF-8"?>
<testng-results skipped="0" failed="0" total="2" passed="2">
  <reporter-output>
  </reporter-output>
  <suite name="Suite" duration-ms="45146" started-at="2020-08-23T15:32:23Z" finished-at="2020-08-23T15:33:08Z">
    <groups>
      <group name="cucumber">
        <method signature="AbstractTestNGCucumberTests.feature(cucumber.api.testng.CucumberFeatureWrapper)[pri:0, instance:bdd.runners.RunnerClass@737996a0]" name="feature" class="cucumber.api.testng.AbstractTestNGCucumberTests"/>
      </group> <!-- cucumber -->
    </groups>
    <test name="Test" duration-ms="45146" started-at="2020-08-23T15:32:23Z" finished-at="2020-08-23T15:33:08Z">
      <class name="bdd.runners.RunnerClass">
        <test-method status="PASS" signature="setUpClass()[pri:0, instance:bdd.runners.RunnerClass@737996a0]" name="setUpClass" is-config="true" duration-ms="176" started-at="2020-08-23T11:32:23Z" finished-at="2020-08-23T11:32:23Z">
          <reporter-output>
          </reporter-output>
        </test-method> <!-- setUpClass -->
        <test-method status="PASS" signature="feature(cucumber.api.testng.CucumberFeatureWrapper)[pri:0, instance:bdd.runners.RunnerClass@737996a0]" name="feature" duration-ms="24154" started-at="2020-08-23T11:32:23Z" description="Runs Cucumber Feature" data-provider="features" finished-at="2020-08-23T11:32:47Z">
          <params>
            <param index="0">
              <value>
                <![CDATA[Users ability to Carry on bags]]>
              </value>
            </param>
          </params>
          <reporter-output>
          </reporter-output>
        </test-method> <!-- feature -->
        <test-method status="PASS" signature="feature(cucumber.api.testng.CucumberFeatureWrapper)[pri:0, instance:bdd.runners.RunnerClass@737996a0]" name="feature" duration-ms="20185" started-at="2020-08-23T11:32:47Z" description="Runs Cucumber Feature" data-provider="features" finished-at="2020-08-23T11:33:07Z">
          <params>
            <param index="0">
              <value>
                <![CDATA[Users ability to choose hotel]]>
              </value>
            </param>
          </params>
          <reporter-output>
          </reporter-output>
        </test-method> <!-- feature -->
        <test-method status="PASS" signature="writeExtentReport()[pri:0, instance:bdd.runners.RunnerClass@737996a0]" name="writeExtentReport" is-config="true" duration-ms="108" started-at="2020-08-23T11:33:07Z" finished-at="2020-08-23T11:33:07Z">
          <reporter-output>
          </reporter-output>
        </test-method> <!-- writeExtentReport -->
        <test-method status="PASS" signature="tearDownClass()[pri:0, instance:bdd.runners.RunnerClass@737996a0]" name="tearDownClass" is-config="true" duration-ms="458" started-at="2020-08-23T11:33:07Z" finished-at="2020-08-23T11:33:08Z">
          <reporter-output>
          </reporter-output>
        </test-method> <!-- tearDownClass -->
      </class> <!-- bdd.runners.RunnerClass -->
    </test> <!-- Test -->
  </suite> <!-- Suite -->
</testng-results>
